============================= test session starts =============================
platform win32 -- Python 3.12.8, pytest-9.1.1, pluggy-1.6.0 -- C:\Users\blaizo\Desktop\Accounting\backend\.venv\Scripts\python.exe
cachedir: .pytest_cache
rootdir: C:\Users\blaizo\Desktop\Accounting\backend
plugins: anyio-4.14.2
collecting ... collected 4 items

app/tests/test_financial_statements.py::test_ohada_bilan_balances_and_has_correct_labels FAILED [ 25%]
app/tests/test_financial_statements.py::test_ifrs_financial_position_balances_and_has_correct_labels FAILED [ 50%]
app/tests/test_financial_statements.py::test_ohada_income_statement_separates_hao FAILED [ 75%]
app/tests/test_financial_statements.py::test_reversed_pair_nets_to_zero_and_drafts_excluded 